<?xml version="1.0" encoding="UTF-8"?>
<!-- Generated by org.testng.reporters.JUnitReportReporter -->
<testsuite hostname="AFSWWL0S8LVCKO" failures="0" tests="6" name="com.org.OhIForgotProvider.service.TaskServiceTest" time="0.097" errors="0" timestamp="2022-12-21T16:31:24 CST" skipped="0">
  <testcase classname="com.org.OhIForgotProvider.service.TaskServiceTest" name="whenSaveTask_returnTask" time="0.005"/>
  <system-out/>
  <testcase classname="com.org.OhIForgotProvider.service.TaskServiceTest" name="whenUpdatingTask_ReturnsUpdatedTask" time="0.004"/>
  <system-out/>
  <testcase classname="com.org.OhIForgotProvider.service.TaskServiceTest" name="whenGivenId_DeleteTask" time="0.016"/>
  <system-out/>
  <testcase classname="com.org.OhIForgotProvider.service.TaskServiceTest" name="whenListIsCalled_ShowsListOfTasks" time="0.062"/>
  <system-out/>
  <testcase classname="com.org.OhIForgotProvider.service.TaskServiceTest" name="whenRetrievingList_ShowsNoTask" time="0.004"/>
  <system-out/>
  <testcase classname="com.org.OhIForgotProvider.service.TaskServiceTest" name="whenGivenId_returnsTask" time="0.006"/>
  <system-out/>
</testsuite> <!-- com.org.OhIForgotProvider.service.TaskServiceTest -->
