<?xml version="1.0" encoding="UTF-8"?>
<!-- Generated by org.testng.reporters.JUnitReportReporter -->
<testsuite hostname="AFSWWL0S8LVCKO" failures="0" tests="4" name="com.org.OhIForgotProvider.web.UserTest" time="2.269" errors="0" timestamp="2023-01-24T10:42:02 CST" skipped="0">
  <testcase classname="com.org.OhIForgotProvider.web.UserTest" name="register_User" time="1.145"/>
  <system-out/>
  <testcase classname="com.org.OhIForgotProvider.web.UserTest" name="login_User" time="0.418"/>
  <system-out/>
  <testcase classname="com.org.OhIForgotProvider.web.UserTest" name="whenAddingUser_UsernameIsBlank_validationError" time="0.368"/>
  <system-out/>
  <testcase classname="com.org.OhIForgotProvider.web.UserTest" name="whenLoginUserInvalid_ErrorMessageShows" time="0.338"/>
  <system-out/>
</testsuite> <!-- com.org.OhIForgotProvider.web.UserTest -->
