<?xml version="1.0" encoding="UTF-8"?>
<!-- Generated by org.testng.reporters.JUnitReportReporter -->
<testsuite hostname="AFSWWL0S8LVCKO" failures="0" tests="1" name="com.org.OhIForgotProvider.web.UserTest" time="0.793" errors="0" timestamp="2023-01-06T14:38:41 CST" skipped="0">
  <testcase classname="com.org.OhIForgotProvider.web.UserTest" name="whenLoginUserInvalid_URL_RedirectsToLogin" time="0.793"/>
  <system-out/>
</testsuite> <!-- com.org.OhIForgotProvider.web.UserTest -->
