<?xml version="1.0" encoding="UTF-8"?>
<!-- Generated by org.testng.reporters.JUnitReportReporter -->
<testsuite hostname="AFSWWL0S8LVCKO" failures="0" tests="1" name="com.org.OhIForgotProvider.web.HomeTest" time="1.946" errors="0" timestamp="2022-12-23T16:01:17 CST" skipped="0">
  <testcase classname="com.org.OhIForgotProvider.web.HomeTest" name="getWelcomePage" time="1.946"/>
  <system-out/>
</testsuite> <!-- com.org.OhIForgotProvider.web.HomeTest -->
