<?xml version="1.0" encoding="UTF-8"?>
<!-- Generated by org.testng.reporters.JUnitReportReporter -->
<testsuite hostname="AFSWWL0S8LVCKO" failures="0" tests="4" name="com.org.OhIForgotProvider.web.UserTest" time="5.753" errors="0" timestamp="2023-01-10T10:20:37 CST" skipped="0">
  <testcase classname="com.org.OhIForgotProvider.web.UserTest" name="register_User" time="2.939"/>
  <system-out/>
  <testcase classname="com.org.OhIForgotProvider.web.UserTest" name="login_User" time="1.118"/>
  <system-out/>
  <testcase classname="com.org.OhIForgotProvider.web.UserTest" name="whenAddingUser_UsernameIsBlank_validationError" time="0.909"/>
  <system-out/>
  <testcase classname="com.org.OhIForgotProvider.web.UserTest" name="whenLoginUserInvalid_URL_RedirectsToLogin" time="0.787"/>
  <system-out/>
</testsuite> <!-- com.org.OhIForgotProvider.web.UserTest -->
