<?xml version="1.0" encoding="UTF-8"?>
<!-- Generated by org.testng.reporters.JUnitReportReporter -->
<testsuite hostname="AFSWWL0S8LVCKO" failures="0" tests="4" name="com.org.OhIForgotProvider.web.UserTest" time="3.166" errors="0" timestamp="2023-01-24T08:44:55 CST" skipped="0">
  <testcase classname="com.org.OhIForgotProvider.web.UserTest" name="register_User" time="1.634"/>
  <system-out/>
  <testcase classname="com.org.OhIForgotProvider.web.UserTest" name="login_User" time="0.828"/>
  <system-out/>
  <testcase classname="com.org.OhIForgotProvider.web.UserTest" name="whenAddingUser_UsernameIsBlank_validationError" time="0.387"/>
  <system-out/>
  <testcase classname="com.org.OhIForgotProvider.web.UserTest" name="whenLoginUserInvalid_ErrorMessageShows" time="0.317"/>
  <system-out/>
</testsuite> <!-- com.org.OhIForgotProvider.web.UserTest -->
