<?xml version="1.0" encoding="UTF-8"?>
<!-- Generated by org.testng.reporters.JUnitReportReporter -->
<testsuite hostname="AFSWWL0S8LVCKO" failures="0" tests="11" name="com.org.OhIForgotProvider.service.UserServiceTest" time="1.291" errors="0" timestamp="2023-01-06T14:01:53 CST" skipped="0">
  <testcase classname="com.org.OhIForgotProvider.service.UserServiceTest" name="whenGivenId_returnsNull" time="0.011"/>
  <system-out/>
  <testcase classname="com.org.OhIForgotProvider.service.UserServiceTest" name="whenGivenUsername_ReturnsUser" time="0.010"/>
  <system-out/>
  <testcase classname="com.org.OhIForgotProvider.service.UserServiceTest" name="whenUsernameDoesnotExist_ReturnsNull" time="0.005"/>
  <system-out/>
  <testcase classname="com.org.OhIForgotProvider.service.UserServiceTest" name="whenSaveUser_returnUser" time="0.010"/>
  <system-out/>
  <testcase classname="com.org.OhIForgotProvider.service.UserServiceTest" name="whenGivenId_returnsUser" time="1.138"/>
  <system-out/>
  <testcase classname="com.org.OhIForgotProvider.service.UserServiceTest" name="emailIsEmpty_CannotSaveUser" time="0.048"/>
  <system-out/>
  <testcase classname="com.org.OhIForgotProvider.service.UserServiceTest" name="whenRetrievingList_ShowsNoUsers" time="0.014"/>
  <system-out/>
  <testcase classname="com.org.OhIForgotProvider.service.UserServiceTest" name="whenUpdatingUser_ReturnsUpdatedUser" time="0.009"/>
  <system-out/>
  <testcase classname="com.org.OhIForgotProvider.service.UserServiceTest" name="whenGivenId_DeleteUser" time="0.030"/>
  <system-out/>
  <testcase classname="com.org.OhIForgotProvider.service.UserServiceTest" name="whenListIsCalled_ShowsListOfUsers" time="0.006"/>
  <system-out/>
  <testcase classname="com.org.OhIForgotProvider.service.UserServiceTest" name="whenUpdating_PasswordIsBlank_ReturnsNull" time="0.010"/>
  <system-out/>
</testsuite> <!-- com.org.OhIForgotProvider.service.UserServiceTest -->
