<?xml version="1.0" encoding="UTF-8"?>
<!-- Generated by org.testng.reporters.JUnitReportReporter -->
<testsuite hostname="AFSWWL0S8LVCKO" failures="0" tests="5" name="com.org.OhIForgotProvider.web.TaskTest" time="12.077" errors="0" timestamp="2023-01-24T08:45:18 CST" skipped="0">
  <testcase classname="com.org.OhIForgotProvider.web.TaskTest" name="create_Task" time="3.040"/>
  <system-out/>
  <testcase classname="com.org.OhIForgotProvider.web.TaskTest" name="edit_Task" time="4.749"/>
  <system-out/>
  <testcase classname="com.org.OhIForgotProvider.web.TaskTest" name="editTask_NoDescription" time="0.331"/>
  <system-out/>
  <testcase classname="com.org.OhIForgotProvider.web.TaskTest" name="delete_Task" time="3.439"/>
  <system-out/>
  <testcase classname="com.org.OhIForgotProvider.web.TaskTest" name="whenAddingTask_DescriptionIsBlank_validationError" time="0.518"/>
  <system-out/>
</testsuite> <!-- com.org.OhIForgotProvider.web.TaskTest -->
