<?xml version="1.0" encoding="UTF-8"?>
<!-- Generated by org.testng.reporters.JUnitReportReporter -->
<testsuite hostname="AFSWWL0S8LVCKO" failures="0" tests="7" name="com.org.OhIForgotProvider.service.UserServiceTest" time="0.954" errors="0" timestamp="2023-01-04T15:16:11 CST" skipped="0">
  <testcase classname="com.org.OhIForgotProvider.service.UserServiceTest" name="whenGivenId_DeleteUser" time="0.043"/>
  <system-out/>
  <testcase classname="com.org.OhIForgotProvider.service.UserServiceTest" name="whenGivenUsername_ReturnsUser" time="0.005"/>
  <system-out/>
  <testcase classname="com.org.OhIForgotProvider.service.UserServiceTest" name="whenSaveUser_returnUser" time="0.007"/>
  <system-out/>
  <testcase classname="com.org.OhIForgotProvider.service.UserServiceTest" name="whenRetrievingList_ShowsNoUsers" time="0.874"/>
  <system-out/>
  <testcase classname="com.org.OhIForgotProvider.service.UserServiceTest" name="whenListIsCalled_ShowsListOfUsers" time="0.006"/>
  <system-out/>
  <testcase classname="com.org.OhIForgotProvider.service.UserServiceTest" name="whenGivenId_returnsUser" time="0.012"/>
  <system-out/>
  <testcase classname="com.org.OhIForgotProvider.service.UserServiceTest" name="whenUpdatingUser_ReturnsUpdatedUser" time="0.007"/>
  <system-out/>
</testsuite> <!-- com.org.OhIForgotProvider.service.UserServiceTest -->
