<?xml version="1.0" encoding="UTF-8"?>
<!-- Generated by org.testng.reporters.JUnitReportReporter -->
<testsuite hostname="AFSWWL0S8LVCKO" failures="0" tests="6" name="com.org.OhIForgotProvider.service.TaskServiceTest" time="0.090" errors="0" timestamp="2023-01-04T15:16:11 CST" skipped="0">
  <testcase classname="com.org.OhIForgotProvider.service.TaskServiceTest" name="whenGivenId_DeleteTask" time="0.014"/>
  <system-out/>
  <testcase classname="com.org.OhIForgotProvider.service.TaskServiceTest" name="whenSaveTask_returnTask" time="0.005"/>
  <system-out/>
  <testcase classname="com.org.OhIForgotProvider.service.TaskServiceTest" name="whenRetrievingList_ShowsNoTask" time="0.004"/>
  <system-out/>
  <testcase classname="com.org.OhIForgotProvider.service.TaskServiceTest" name="whenListIsCalled_ShowsListOfTasks" time="0.003"/>
  <system-out/>
  <testcase classname="com.org.OhIForgotProvider.service.TaskServiceTest" name="whenGivenId_returnsTask" time="0.006"/>
  <system-out/>
  <testcase classname="com.org.OhIForgotProvider.service.TaskServiceTest" name="whenUpdatingTask_ReturnsUpdatedTask" time="0.058"/>
  <system-out/>
</testsuite> <!-- com.org.OhIForgotProvider.service.TaskServiceTest -->
