<?xml version="1.0" encoding="UTF-8"?>
<!-- Generated by org.testng.reporters.JUnitReportReporter -->
<testsuite hostname="AFSWWL0S8LVCKO" failures="0" tests="5" name="com.org.OhIForgotProvider.web.TaskTest" time="12.630" errors="0" timestamp="2023-01-24T10:42:54 CST" skipped="0">
  <testcase classname="com.org.OhIForgotProvider.web.TaskTest" name="create_Task" time="3.214"/>
  <system-out/>
  <testcase classname="com.org.OhIForgotProvider.web.TaskTest" name="edit_Task" time="4.903"/>
  <system-out/>
  <testcase classname="com.org.OhIForgotProvider.web.TaskTest" name="editTask_NoDescription" time="0.433"/>
  <system-out/>
  <testcase classname="com.org.OhIForgotProvider.web.TaskTest" name="delete_Task" time="3.540"/>
  <system-out/>
  <testcase classname="com.org.OhIForgotProvider.web.TaskTest" name="whenAddingTask_DescriptionIsBlank_validationError" time="0.540"/>
  <system-out/>
</testsuite> <!-- com.org.OhIForgotProvider.web.TaskTest -->
