<?xml version="1.0" encoding="UTF-8"?>
<!-- Generated by org.testng.reporters.JUnitReportReporter -->
<testsuite hostname="AFSWWL0S8LVCKO" failures="0" tests="11" name="com.org.OhIForgotProvider.service.UserServiceTest" time="0.631" errors="0" timestamp="2023-01-09T08:55:01 CST" skipped="0">
  <testcase classname="com.org.OhIForgotProvider.service.UserServiceTest" name="whenUpdatingUser_ReturnsUpdatedUser" time="0.007"/>
  <system-out/>
  <testcase classname="com.org.OhIForgotProvider.service.UserServiceTest" name="whenRetrievingList_ShowsNoUsers" time="0.008"/>
  <system-out/>
  <testcase classname="com.org.OhIForgotProvider.service.UserServiceTest" name="whenGivenId_returnsNull" time="0.008"/>
  <system-out/>
  <testcase classname="com.org.OhIForgotProvider.service.UserServiceTest" name="whenGivenId_DeleteUser" time="0.017"/>
  <system-out/>
  <testcase classname="com.org.OhIForgotProvider.service.UserServiceTest" name="whenSaveUser_returnUser" time="0.537"/>
  <system-out/>
  <testcase classname="com.org.OhIForgotProvider.service.UserServiceTest" name="whenUpdating_PasswordIsBlank_ReturnsNull" time="0.006"/>
  <system-out/>
  <testcase classname="com.org.OhIForgotProvider.service.UserServiceTest" name="whenGivenUsername_ReturnsUser" time="0.006"/>
  <system-out/>
  <testcase classname="com.org.OhIForgotProvider.service.UserServiceTest" name="whenListIsCalled_ShowsListOfUsers" time="0.006"/>
  <system-out/>
  <testcase classname="com.org.OhIForgotProvider.service.UserServiceTest" name="emailIsEmpty_CannotSaveUser" time="0.026"/>
  <system-out/>
  <testcase classname="com.org.OhIForgotProvider.service.UserServiceTest" name="whenGivenId_returnsUser" time="0.006"/>
  <system-out/>
  <testcase classname="com.org.OhIForgotProvider.service.UserServiceTest" name="whenUsernameDoesnotExist_ReturnsNull" time="0.004"/>
  <system-out/>
</testsuite> <!-- com.org.OhIForgotProvider.service.UserServiceTest -->
