<?xml version="1.0" encoding="UTF-8"?>
<!-- Generated by org.testng.reporters.JUnitReportReporter -->
<testsuite hostname="AFSWWL0S8LVCKO" failures="0" tests="9" name="com.org.OhIForgotProvider.service.TaskServiceTest" time="0.329" errors="0" timestamp="2023-01-06T14:01:53 CST" skipped="0">
  <testcase classname="com.org.OhIForgotProvider.service.TaskServiceTest" name="whenSaveTask_returnTask" time="0.009"/>
  <system-out/>
  <testcase classname="com.org.OhIForgotProvider.service.TaskServiceTest" name="whenGivenId_DeleteTask" time="0.016"/>
  <system-out/>
  <testcase classname="com.org.OhIForgotProvider.service.TaskServiceTest" name="descriptionEmpty_CannotSaveTask" time="0.029"/>
  <system-out/>
  <testcase classname="com.org.OhIForgotProvider.service.TaskServiceTest" name="whenListIsCalled_ShowsListOfTasks" time="0.218"/>
  <system-out/>
  <testcase classname="com.org.OhIForgotProvider.service.TaskServiceTest" name="whenUpdatingTask_ReturnsUpdatedTask" time="0.009"/>
  <system-out/>
  <testcase classname="com.org.OhIForgotProvider.service.TaskServiceTest" name="whenRetrievingList_ShowsNoTask" time="0.010"/>
  <system-out/>
  <testcase classname="com.org.OhIForgotProvider.service.TaskServiceTest" name="whenGivenId_ReturnsNull" time="0.014"/>
  <system-out/>
  <testcase classname="com.org.OhIForgotProvider.service.TaskServiceTest" name="whenUpdating_DescriptionIsBlank_ReturnsNull" time="0.008"/>
  <system-out/>
  <testcase classname="com.org.OhIForgotProvider.service.TaskServiceTest" name="whenGivenId_returnsTask" time="0.016"/>
  <system-out/>
</testsuite> <!-- com.org.OhIForgotProvider.service.TaskServiceTest -->
